<?xml version="1.0" encoding="UTF-8"?>
<testng-results ignored="0" total="1" passed="1" failed="0" skipped="0">
  <reporter-output>
  </reporter-output>
  <suite started-at="2025-08-25T13:38:03 IST" name="Suite" finished-at="2025-08-25T13:38:10 IST" duration-ms="7023">
    <groups>
    </groups>
    <test started-at="2025-08-25T13:38:03 IST" name="Test" finished-at="2025-08-25T13:38:10 IST" duration-ms="7023">
      <class name="test.TestCase">
        <test-method is-config="true" signature="setup()[pri:0, instance:test.TestCase@188715b5]" started-at="2025-08-25T13:38:04 IST" name="setup" finished-at="2025-08-25T13:38:07 IST" duration-ms="3178" status="PASS">
          <reporter-output>
          </reporter-output>
        </test-method> <!-- setup -->
        <test-method signature="wlcMsgValidation()[pri:0, instance:test.TestCase@188715b5]" started-at="2025-08-25T13:38:07 IST" name="wlcMsgValidation" finished-at="2025-08-25T13:38:10 IST" duration-ms="3054" status="PASS">
          <reporter-output>
          </reporter-output>
        </test-method> <!-- wlcMsgValidation -->
        <test-method is-config="true" signature="tearDown()[pri:0, instance:test.TestCase@188715b5]" started-at="2025-08-25T13:38:10 IST" name="tearDown" finished-at="2025-08-25T13:38:10 IST" duration-ms="270" status="PASS">
          <reporter-output>
          </reporter-output>
        </test-method> <!-- tearDown -->
      </class> <!-- test.TestCase -->
    </test> <!-- Test -->
  </suite> <!-- Suite -->
</testng-results>
