<?xml version="1.0" encoding="UTF-8"?>
<testng-results ignored="0" total="1" passed="1" failed="0" skipped="0">
  <reporter-output>
  </reporter-output>
  <suite started-at="2025-08-23T01:21:19 IST" name="Suite" finished-at="2025-08-23T01:21:26 IST" duration-ms="6486">
    <groups>
    </groups>
    <test started-at="2025-08-23T01:21:19 IST" name="Test" finished-at="2025-08-23T01:21:26 IST" duration-ms="6486">
      <class name="test.TestCase">
        <test-method is-config="true" signature="setup()[pri:0, instance:test.TestCase@776aec5c]" started-at="2025-08-23T01:21:19 IST" name="setup" finished-at="2025-08-23T01:21:22 IST" duration-ms="2784" status="PASS">
          <reporter-output>
          </reporter-output>
        </test-method> <!-- setup -->
        <test-method signature="wlcMsgValidation()[pri:0, instance:test.TestCase@776aec5c]" started-at="2025-08-23T01:21:22 IST" name="wlcMsgValidation" finished-at="2025-08-23T01:21:25 IST" duration-ms="2853" status="PASS">
          <reporter-output>
          </reporter-output>
        </test-method> <!-- wlcMsgValidation -->
        <test-method is-config="true" signature="tearDown()[pri:0, instance:test.TestCase@776aec5c]" started-at="2025-08-23T01:21:25 IST" name="tearDown" finished-at="2025-08-23T01:21:26 IST" duration-ms="485" status="PASS">
          <reporter-output>
          </reporter-output>
        </test-method> <!-- tearDown -->
      </class> <!-- test.TestCase -->
    </test> <!-- Test -->
  </suite> <!-- Suite -->
</testng-results>
